src/Makefile.am:692: warning: vsid_LDFLAGS was already defined in condition TRUE, which includes condition HAVE_DEBUG and MACOS_COMPILE ...
configure.ac:3224: ... 'vsid_LDFLAGS' previously defined here
src/Makefile.am:694: warning: vsid_LDFLAGS was already defined in condition TRUE, which includes condition HAVE_DEBUG and !MACOS_COMPILE ...
src/Makefile.am:692: ... 'vsid_LDFLAGS' previously defined here
src/Makefile.am:750: warning: x64_LDFLAGS was already defined in condition TRUE, which includes condition HAVE_DEBUG and MACOS_COMPILE ...
configure.ac:3225: ... 'x64_LDFLAGS' previously defined here
src/Makefile.am:752: warning: x64_LDFLAGS was already defined in condition TRUE, which includes condition HAVE_DEBUG and !MACOS_COMPILE ...
src/Makefile.am:750: ... 'x64_LDFLAGS' previously defined here
src/Makefile.am:930: warning: xscpu64_LDFLAGS was already defined in condition TRUE, which includes condition HAVE_DEBUG and MACOS_COMPILE ...
configure.ac:3227: ... 'xscpu64_LDFLAGS' previously defined here
src/Makefile.am:932: warning: xscpu64_LDFLAGS was already defined in condition TRUE, which includes condition HAVE_DEBUG and !MACOS_COMPILE ...
src/Makefile.am:930: ... 'xscpu64_LDFLAGS' previously defined here
src/Makefile.am:992: warning: x128_LDFLAGS was already defined in condition TRUE, which includes condition HAVE_DEBUG and MACOS_COMPILE ...
configure.ac:3226: ... 'x128_LDFLAGS' previously defined here
src/Makefile.am:994: warning: x128_LDFLAGS was already defined in condition TRUE, which includes condition HAVE_DEBUG and !MACOS_COMPILE ...
src/Makefile.am:992: ... 'x128_LDFLAGS' previously defined here
src/Makefile.am:1048: warning: xvic_LDFLAGS was already defined in condition TRUE, which includes condition HAVE_DEBUG and MACOS_COMPILE ...
configure.ac:3228: ... 'xvic_LDFLAGS' previously defined here
src/Makefile.am:1050: warning: xvic_LDFLAGS was already defined in condition TRUE, which includes condition HAVE_DEBUG and !MACOS_COMPILE ...
src/Makefile.am:1048: ... 'xvic_LDFLAGS' previously defined here
src/Makefile.am:1103: warning: xpet_LDFLAGS was already defined in condition TRUE, which includes condition HAVE_DEBUG and MACOS_COMPILE ...
configure.ac:3229: ... 'xpet_LDFLAGS' previously defined here
src/Makefile.am:1105: warning: xpet_LDFLAGS was already defined in condition TRUE, which includes condition HAVE_DEBUG and !MACOS_COMPILE ...
src/Makefile.am:1103: ... 'xpet_LDFLAGS' previously defined here
src/Makefile.am:1166: warning: xplus4_LDFLAGS was already defined in condition TRUE, which includes condition HAVE_DEBUG and MACOS_COMPILE ...
configure.ac:3230: ... 'xplus4_LDFLAGS' previously defined here
src/Makefile.am:1168: warning: xplus4_LDFLAGS was already defined in condition TRUE, which includes condition HAVE_DEBUG and !MACOS_COMPILE ...
src/Makefile.am:1166: ... 'xplus4_LDFLAGS' previously defined here
src/Makefile.am:1222: warning: xcbm2_LDFLAGS was already defined in condition TRUE, which includes condition HAVE_DEBUG and MACOS_COMPILE ...
configure.ac:3231: ... 'xcbm2_LDFLAGS' previously defined here
src/Makefile.am:1224: warning: xcbm2_LDFLAGS was already defined in condition TRUE, which includes condition HAVE_DEBUG and !MACOS_COMPILE ...
src/Makefile.am:1222: ... 'xcbm2_LDFLAGS' previously defined here
